Adding dependency `python/3.6.5` to your environment
Adding dependency `intel/2019u2` to your environment
Adding dependency `icu4c/61.1` to your environment
Adding dependency `gcc/9.1.0` to your environment
Adding dependency `boost/1.71.0:gcc9` to your environment
Adding dependency `cantera/20210831:gcc9` to your environment
Adding package `openmkm/20210831:gcc9` to your environment
['N2', 'NH3', 'H2', 'N2(T)', 'N(T)', 'H(T)', 'NH3(T)', 'NH2(T)', 'NH(T)', 'TS1_NH3(T)', 'TS2_NH2(T)', 'TS3_NH(T)', 'TS4_N2(T)', 'N2(S)', 'N(S)', 'H(S)', 'NH3(S)', 'NH2(S)', 'NH(S)', 'TS1_NH3(S)', 'TS2_NH2(S)', 'TS3_NH(S)', 'TS4_N2(S)']
Total number of params 23 are checked for sensitivity ['N2', 'NH3', 'H2', 'N2(T)', 'N(T)', 'H(T)', 'NH3(T)', 'NH2(T)', 'NH(T)', 'TS1_NH3(T)', 'TS2_NH2(T)', 'TS3_NH(T)', 'TS4_N2(T)', 'N2(S)', 'N(S)', 'H(S)', 'NH3(S)', 'NH2(S)', 'NH(S)', 'TS1_NH3(S)', 'TS2_NH2(S)', 'TS3_NH(S)', 'TS4_N2(S)']
MKM Run 0 Finished in 0.09886759147047997 seconds
MKM Run 1 Finished in 0.10733840614557266 seconds
MKM Run 2 Finished in 0.1070299781858921 seconds
MKM Run 3 Finished in 0.09885990992188454 seconds
MKM Run 4 Finished in 0.10100268200039864 seconds
MKM Run 5 Finished in 0.09357967600226402 seconds
MKM Run 6 Finished in 0.08721601590514183 seconds
MKM Run 7 Finished in 0.09990216791629791 seconds
MKM Run 8 Finished in 0.0933745875954628 seconds
MKM Run 9 Finished in 0.08918188139796257 seconds
MKM Run 10 Finished in 0.09565718472003937 seconds
MKM Run 11 Finished in 0.09675975888967514 seconds
MKM Run 12 Finished in 0.10460764169692993 seconds
MKM Run 13 Finished in 0.10920171812176704 seconds
MKM Run 14 Finished in 0.09582505375146866 seconds
MKM Run 15 Finished in 0.10222158953547478 seconds
MKM Run 16 Finished in 0.12574142962694168 seconds
MKM Run 17 Finished in 0.10344939306378365 seconds
MKM Run 18 Finished in 0.09418346732854843 seconds
MKM Run 19 Finished in 0.10009479895234108 seconds
MKM Run 20 Finished in 0.10600925981998444 seconds
MKM Run 21 Finished in 0.1063690185546875 seconds
MKM Run 22 Finished in 0.0966179296374321 seconds
MKM Run 23 Finished in 0.10759282484650612 seconds
MKM Run 24 Finished in 0.09993187710642815 seconds
MKM Run 25 Finished in 0.1021101363003254 seconds
MKM Run 26 Finished in 0.09414466470479965 seconds
MKM Run 27 Finished in 0.10212196782231331 seconds
MKM Run 28 Finished in 0.10049508139491081 seconds
MKM Run 29 Finished in 0.10206851735711098 seconds
MKM Run 30 Finished in 0.08834164589643478 seconds
MKM Run 31 Finished in 0.09400378540158272 seconds
MKM Run 32 Finished in 0.09242194518446922 seconds
MKM Run 33 Finished in 0.08708302304148674 seconds
MKM Run 34 Finished in 0.08781860396265984 seconds
MKM Run 35 Finished in 0.07910554483532906 seconds
MKM Run 36 Finished in 0.0796426273882389 seconds
MKM Run 37 Finished in 0.08693040907382965 seconds
MKM Run 38 Finished in 0.08541907742619514 seconds
MKM Run 39 Finished in 0.08390632644295692 seconds
MKM Run 40 Finished in 0.08344115689396858 seconds
MKM Run 41 Finished in 0.08621151000261307 seconds
MKM Run 42 Finished in 0.09690453484654427 seconds
MKM Run 43 Finished in 0.09811253100633621 seconds
MKM Run 44 Finished in 0.08414741605520248 seconds
MKM Run 45 Finished in 0.0883401371538639 seconds
MKM Run 46 Finished in 0.10329356044530869 seconds
MKM Run 47 Finished in 0.09371986985206604 seconds
MKM Run 48 Finished in 0.08567950129508972 seconds
MKM Run 49 Finished in 0.08579019084572792 seconds
MKM Run 50 Finished in 0.09140630066394806 seconds
MKM Run 51 Finished in 0.09040679410099983 seconds
MKM Run 52 Finished in 0.08403387293219566 seconds
MKM Run 53 Finished in 0.09653715416789055 seconds
MKM Run 54 Finished in 0.08981906250119209 seconds
MKM Run 55 Finished in 0.09163618087768555 seconds
MKM Run 56 Finished in 0.08460045605897903 seconds
MKM Run 57 Finished in 0.09209846705198288 seconds
MKM Run 58 Finished in 0.08868837356567383 seconds
MKM Run 59 Finished in 0.09263366460800171 seconds
i 0 species N2 f(x+h) 1.7573828186737066 f(x-h) 1.757343220959153 doln(f) 2.2532461482760446e-05 doln(p) 0.20067069546215122 LSA(i) 0.00011228575966643982
MKM Run 60 Finished in 0.09121998399496078 seconds
MKM Run 61 Finished in 0.09805658832192421 seconds
MKM Run 62 Finished in 0.09419776871800423 seconds
MKM Run 63 Finished in 0.09194189682602882 seconds
MKM Run 64 Finished in 0.08828432485461235 seconds
MKM Run 65 Finished in 0.08067494258284569 seconds
MKM Run 66 Finished in 0.07465260848402977 seconds
MKM Run 67 Finished in 0.08860063180327415 seconds
MKM Run 68 Finished in 0.08632725477218628 seconds
MKM Run 69 Finished in 0.08266648650169373 seconds
MKM Run 70 Finished in 0.08615019172430038 seconds
MKM Run 71 Finished in 0.08824415877461433 seconds
MKM Run 72 Finished in 0.09221848100423813 seconds
MKM Run 73 Finished in 0.10449708625674248 seconds
MKM Run 74 Finished in 0.08630749583244324 seconds
MKM Run 75 Finished in 0.08532634750008583 seconds
MKM Run 76 Finished in 0.1097923256456852 seconds
MKM Run 77 Finished in 0.09439467638731003 seconds
MKM Run 78 Finished in 0.08599968999624252 seconds
MKM Run 79 Finished in 0.08649558201432228 seconds
MKM Run 80 Finished in 0.09163069352507591 seconds
MKM Run 81 Finished in 0.08556660637259483 seconds
MKM Run 82 Finished in 0.08634484186768532 seconds
MKM Run 83 Finished in 0.09792575985193253 seconds
MKM Run 84 Finished in 0.08756913244724274 seconds
MKM Run 85 Finished in 0.09453101083636284 seconds
MKM Run 86 Finished in 0.08964196220040321 seconds
MKM Run 87 Finished in 0.09518542140722275 seconds
MKM Run 88 Finished in 0.08797721564769745 seconds
MKM Run 89 Finished in 0.09062406048178673 seconds
MKM Run 90 Finished in 0.08998200297355652 seconds
MKM Run 91 Finished in 0.09990992024540901 seconds
MKM Run 92 Finished in 0.09206107258796692 seconds
MKM Run 93 Finished in 0.09209215268492699 seconds
MKM Run 94 Finished in 0.08637232333421707 seconds
MKM Run 95 Finished in 0.08194749429821968 seconds
MKM Run 96 Finished in 0.08226922154426575 seconds
MKM Run 97 Finished in 0.08685564622282982 seconds
MKM Run 98 Finished in 0.08863374963402748 seconds
MKM Run 99 Finished in 0.08254864811897278 seconds
MKM Run 100 Finished in 0.08315682411193848 seconds
MKM Run 101 Finished in 0.08900099247694016 seconds
MKM Run 102 Finished in 0.09346671029925346 seconds
MKM Run 103 Finished in 0.10209125652909279 seconds
MKM Run 104 Finished in 0.08451926708221436 seconds
MKM Run 105 Finished in 0.08741484582424164 seconds
MKM Run 106 Finished in 0.1046803779900074 seconds
MKM Run 107 Finished in 0.0945047028362751 seconds
MKM Run 108 Finished in 0.08190412819385529 seconds
MKM Run 109 Finished in 0.08832543343305588 seconds
MKM Run 110 Finished in 0.09444872289896011 seconds
MKM Run 111 Finished in 0.08458663523197174 seconds
MKM Run 112 Finished in 0.0877108983695507 seconds
MKM Run 113 Finished in 0.09595487266778946 seconds
MKM Run 114 Finished in 0.09348627179861069 seconds
MKM Run 115 Finished in 0.09132407233119011 seconds
MKM Run 116 Finished in 0.08945063129067421 seconds
MKM Run 117 Finished in 0.0878201499581337 seconds
MKM Run 118 Finished in 0.08686613291501999 seconds
MKM Run 119 Finished in 0.09149422869086266 seconds
i 1 species NH3 f(x+h) 1.7546095945245566 f(x-h) 1.757620777566313 doln(f) -0.0017146846650265557 doln(p) 0.20067069546215122 LSA(i) -0.008544768637381659
MKM Run 120 Finished in 0.085387222468853 seconds
MKM Run 121 Finished in 0.09914868697524071 seconds
MKM Run 122 Finished in 0.091224554926157 seconds
MKM Run 123 Finished in 0.08369989320635796 seconds
MKM Run 124 Finished in 0.08913054317235947 seconds
MKM Run 125 Finished in 0.08138444274663925 seconds
MKM Run 126 Finished in 0.08067374303936958 seconds
MKM Run 127 Finished in 0.08930949494242668 seconds
MKM Run 128 Finished in 0.08673693612217903 seconds
MKM Run 129 Finished in 0.08354650810360909 seconds
MKM Run 130 Finished in 0.08391936123371124 seconds
MKM Run 131 Finished in 0.08431632444262505 seconds
MKM Run 132 Finished in 0.09108372777700424 seconds
MKM Run 133 Finished in 0.09768545255064964 seconds
MKM Run 134 Finished in 0.08444157987833023 seconds
MKM Run 135 Finished in 0.08795905485749245 seconds
MKM Run 136 Finished in 0.10894245654344559 seconds
MKM Run 137 Finished in 0.09446745738387108 seconds
MKM Run 138 Finished in 0.08059784024953842 seconds
MKM Run 139 Finished in 0.08464322239160538 seconds
MKM Run 140 Finished in 0.09322576224803925 seconds
MKM Run 141 Finished in 0.08923331275582314 seconds
MKM Run 142 Finished in 0.08575855568051338 seconds
MKM Run 143 Finished in 0.09597323834896088 seconds
MKM Run 144 Finished in 0.08452571928501129 seconds
MKM Run 145 Finished in 0.0954400785267353 seconds
MKM Run 146 Finished in 0.09156525507569313 seconds
MKM Run 147 Finished in 0.09351765736937523 seconds
MKM Run 148 Finished in 0.0896737389266491 seconds
MKM Run 149 Finished in 0.08715348690748215 seconds
MKM Run 150 Finished in 0.09283051267266273 seconds
MKM Run 151 Finished in 0.09849897772073746 seconds
MKM Run 152 Finished in 0.09402893111109734 seconds
MKM Run 153 Finished in 0.08820714801549911 seconds
MKM Run 154 Finished in 0.08920866250991821 seconds
MKM Run 155 Finished in 0.08194627985358238 seconds
MKM Run 156 Finished in 0.07685626298189163 seconds
MKM Run 157 Finished in 0.08526483550667763 seconds
MKM Run 158 Finished in 0.08482378348708153 seconds
MKM Run 159 Finished in 0.07974755764007568 seconds
MKM Run 160 Finished in 0.0838913805782795 seconds
MKM Run 161 Finished in 0.0844624750316143 seconds
MKM Run 162 Finished in 0.0945173129439354 seconds
MKM Run 163 Finished in 0.10189983993768692 seconds
MKM Run 164 Finished in 0.08277725428342819 seconds
MKM Run 165 Finished in 0.08898746594786644 seconds
MKM Run 166 Finished in 0.10893826559185982 seconds
MKM Run 167 Finished in 0.09132518246769905 seconds
MKM Run 168 Finished in 0.08547870069742203 seconds
MKM Run 169 Finished in 0.08380977064371109 seconds
MKM Run 170 Finished in 0.09310108050704002 seconds
MKM Run 171 Finished in 0.09137443453073502 seconds
MKM Run 172 Finished in 0.09104668349027634 seconds
MKM Run 173 Finished in 0.0986601896584034 seconds
MKM Run 174 Finished in 0.08730089664459229 seconds
MKM Run 175 Finished in 0.09150944277644157 seconds
MKM Run 176 Finished in 0.08625893294811249 seconds
MKM Run 177 Finished in 0.09411204233765602 seconds
MKM Run 178 Finished in 0.08386940509080887 seconds
MKM Run 179 Finished in 0.09081442281603813 seconds
i 2 species H2 f(x+h) 1.7656558422652482 f(x-h) 1.7565152662382624 doln(f) 0.005190319416939593 doln(p) 0.20067069546215122 LSA(i) 0.02586485986399816
MKM Run 180 Finished in 0.0861741453409195 seconds
MKM Run 181 Finished in 0.09849746152758598 seconds
MKM Run 182 Finished in 0.09356594458222389 seconds
MKM Run 183 Finished in 0.08884861320257187 seconds
MKM Run 184 Finished in 0.08802042528986931 seconds
MKM Run 185 Finished in 0.08398313820362091 seconds
MKM Run 186 Finished in 0.0804373249411583 seconds
MKM Run 187 Finished in 0.08741520717740059 seconds
MKM Run 188 Finished in 0.08335530012845993 seconds
MKM Run 189 Finished in 0.08258401975035667 seconds
MKM Run 190 Finished in 0.08830495551228523 seconds
MKM Run 191 Finished in 0.08880802243947983 seconds
MKM Run 192 Finished in 0.09668727964162827 seconds
MKM Run 193 Finished in 0.09979621693491936 seconds
MKM Run 194 Finished in 0.08112996444106102 seconds
MKM Run 195 Finished in 0.0833553597331047 seconds
MKM Run 196 Finished in 0.1063871830701828 seconds
MKM Run 197 Finished in 0.09617035463452339 seconds
MKM Run 198 Finished in 0.08234238997101784 seconds
MKM Run 199 Finished in 0.08453575894236565 seconds
MKM Run 200 Finished in 0.09088917076587677 seconds
MKM Run 201 Finished in 0.09445532411336899 seconds
MKM Run 202 Finished in 0.09039103239774704 seconds
MKM Run 203 Finished in 0.09941869974136353 seconds
MKM Run 204 Finished in 0.09483559057116508 seconds
MKM Run 205 Finished in 0.09537189453840256 seconds
MKM Run 206 Finished in 0.08929033949971199 seconds
MKM Run 207 Finished in 0.09397125616669655 seconds
MKM Run 208 Finished in 0.09380992501974106 seconds
MKM Run 209 Finished in 0.09142470359802246 seconds
MKM Run 210 Finished in 0.08694562315940857 seconds
MKM Run 211 Finished in 0.09568607807159424 seconds
MKM Run 212 Finished in 0.09420699998736382 seconds
MKM Run 213 Finished in 0.08979422226548195 seconds
MKM Run 214 Finished in 0.09218035638332367 seconds
MKM Run 215 Finished in 0.0847100280225277 seconds
MKM Run 216 Finished in 0.07842349633574486 seconds
MKM Run 217 Finished in 0.09061266854405403 seconds
MKM Run 218 Finished in 0.07892655208706856 seconds
MKM Run 219 Finished in 0.0804610513150692 seconds
MKM Run 220 Finished in 0.08757632598280907 seconds
MKM Run 221 Finished in 0.09107658267021179 seconds
MKM Run 222 Finished in 0.09450190886855125 seconds
MKM Run 223 Finished in 0.09884623065590858 seconds
MKM Run 224 Finished in 0.08293501660227776 seconds
MKM Run 225 Finished in 0.08346240222454071 seconds
MKM Run 226 Finished in 0.10245824605226517 seconds
MKM Run 227 Finished in 0.0916534885764122 seconds
MKM Run 228 Finished in 0.08448181301355362 seconds
MKM Run 229 Finished in 0.08526544645428658 seconds
MKM Run 230 Finished in 0.09197814390063286 seconds
MKM Run 231 Finished in 0.08793466165661812 seconds
MKM Run 232 Finished in 0.08949734643101692 seconds
MKM Run 233 Finished in 0.10183276981115341 seconds
MKM Run 234 Finished in 0.09034661203622818 seconds
MKM Run 235 Finished in 0.0936499796807766 seconds
MKM Run 236 Finished in 0.08857736736536026 seconds
MKM Run 237 Finished in 0.09391158446669579 seconds
MKM Run 238 Finished in 0.09211979433894157 seconds
MKM Run 239 Finished in 0.0914980061352253 seconds
i 3 species N2(T) f(x+h) 1.7573467981495356 f(x-h) 1.7573467981495356 doln(f) 0.0 doln(p) 0.20067069546215122 LSA(i) 0.0
MKM Run 240 Finished in 0.09635335579514503 seconds
MKM Run 241 Finished in 0.10458920150995255 seconds
MKM Run 242 Finished in 0.0998053029179573 seconds
MKM Run 243 Finished in 0.0913701094686985 seconds
MKM Run 244 Finished in 0.09206659346818924 seconds
MKM Run 245 Finished in 0.08624529093503952 seconds
MKM Run 246 Finished in 0.08597662299871445 seconds
MKM Run 247 Finished in 0.09069420397281647 seconds
MKM Run 248 Finished in 0.0905354842543602 seconds
MKM Run 249 Finished in 0.08199320361018181 seconds
MKM Run 250 Finished in 0.08055166900157928 seconds
MKM Run 251 Finished in 0.087303277105093 seconds
MKM Run 252 Finished in 0.0958278626203537 seconds
MKM Run 253 Finished in 0.09889102354645729 seconds
MKM Run 254 Finished in 0.08622859418392181 seconds
MKM Run 255 Finished in 0.08831111341714859 seconds
MKM Run 256 Finished in 0.10876493155956268 seconds
MKM Run 257 Finished in 0.0885038934648037 seconds
MKM Run 258 Finished in 0.08240315690636635 seconds
MKM Run 259 Finished in 0.08409728109836578 seconds
MKM Run 260 Finished in 0.09184249863028526 seconds
MKM Run 261 Finished in 0.0849776454269886 seconds
MKM Run 262 Finished in 0.083378154784441 seconds
MKM Run 263 Finished in 0.0903170071542263 seconds
MKM Run 264 Finished in 0.08643438667058945 seconds
MKM Run 265 Finished in 0.09121178090572357 seconds
MKM Run 266 Finished in 0.08798391371965408 seconds
MKM Run 267 Finished in 0.09302272647619247 seconds
MKM Run 268 Finished in 0.08542103692889214 seconds
MKM Run 269 Finished in 0.08958391845226288 seconds
MKM Run 270 Finished in 0.08487305417656898 seconds
MKM Run 271 Finished in 0.10025860741734505 seconds
MKM Run 272 Finished in 0.09651140123605728 seconds
MKM Run 273 Finished in 0.08960689976811409 seconds
MKM Run 274 Finished in 0.09262828528881073 seconds
MKM Run 275 Finished in 0.08482580631971359 seconds
MKM Run 276 Finished in 0.07932106405496597 seconds
MKM Run 277 Finished in 0.09049805253744125 seconds
MKM Run 278 Finished in 0.08461485430598259 seconds
MKM Run 279 Finished in 0.08242393657565117 seconds
MKM Run 280 Finished in 0.0854707844555378 seconds
MKM Run 281 Finished in 0.08885625377297401 seconds
MKM Run 282 Finished in 0.09771978110074997 seconds
MKM Run 283 Finished in 0.09306999295949936 seconds
MKM Run 284 Finished in 0.0836273580789566 seconds
MKM Run 285 Finished in 0.08832794427871704 seconds
MKM Run 286 Finished in 0.10671210289001465 seconds
MKM Run 287 Finished in 0.09427519142627716 seconds
MKM Run 288 Finished in 0.08111495524644852 seconds
MKM Run 289 Finished in 0.09091068059206009 seconds
MKM Run 290 Finished in 0.0922282375395298 seconds
MKM Run 291 Finished in 0.08962595462799072 seconds
MKM Run 292 Finished in 0.08889715000987053 seconds
MKM Run 293 Finished in 0.09590744599699974 seconds
MKM Run 294 Finished in 0.0884283185005188 seconds
MKM Run 295 Finished in 0.0906260535120964 seconds
MKM Run 296 Finished in 0.08362416923046112 seconds
MKM Run 297 Finished in 0.08898888528347015 seconds
MKM Run 298 Finished in 0.08914697915315628 seconds
MKM Run 299 Finished in 0.09107080474495888 seconds
i 4 species N(T) f(x+h) 1.7573467981495356 f(x-h) 1.7573467981495356 doln(f) 0.0 doln(p) 0.20067069546215122 LSA(i) 0.0
MKM Run 300 Finished in 0.08765499293804169 seconds
MKM Run 301 Finished in 0.09533551335334778 seconds
MKM Run 302 Finished in 0.09103104844689369 seconds
MKM Run 303 Finished in 0.08587902039289474 seconds
MKM Run 304 Finished in 0.09195749089121819 seconds
MKM Run 305 Finished in 0.0817766785621643 seconds
MKM Run 306 Finished in 0.08184181898832321 seconds
MKM Run 307 Finished in 0.08955800905823708 seconds
MKM Run 308 Finished in 0.08588260784745216 seconds
MKM Run 309 Finished in 0.13726038858294487 seconds
MKM Run 310 Finished in 0.08745203167200089 seconds
MKM Run 311 Finished in 0.08872649446129799 seconds
MKM Run 312 Finished in 0.11415556445717812 seconds
MKM Run 313 Finished in 0.10182017832994461 seconds
MKM Run 314 Finished in 0.08287539705634117 seconds
MKM Run 315 Finished in 0.08708358183503151 seconds
MKM Run 316 Finished in 0.10808857902884483 seconds
MKM Run 317 Finished in 0.09398036077618599 seconds
MKM Run 318 Finished in 0.08154250308871269 seconds
MKM Run 319 Finished in 0.08654704317450523 seconds
MKM Run 320 Finished in 0.0921608991920948 seconds
MKM Run 321 Finished in 0.09087254852056503 seconds
MKM Run 322 Finished in 0.08413596823811531 seconds
MKM Run 323 Finished in 0.09997425228357315 seconds
MKM Run 324 Finished in 0.09069856256246567 seconds
MKM Run 325 Finished in 0.08967364206910133 seconds
MKM Run 326 Finished in 0.08775141835212708 seconds
MKM Run 327 Finished in 0.09120157733559608 seconds
MKM Run 328 Finished in 0.09025194123387337 seconds
MKM Run 329 Finished in 0.08809734880924225 seconds
MKM Run 330 Finished in 0.08748212829232216 seconds
MKM Run 331 Finished in 0.09680348634719849 seconds
MKM Run 332 Finished in 0.09300697222352028 seconds
MKM Run 333 Finished in 0.08599662035703659 seconds
MKM Run 334 Finished in 0.08853856474161148 seconds
MKM Run 335 Finished in 0.08262546360492706 seconds
MKM Run 336 Finished in 0.09579448029398918 seconds
MKM Run 337 Finished in 0.08935163542628288 seconds
MKM Run 338 Finished in 0.08891288936138153 seconds
MKM Run 339 Finished in 0.0856107622385025 seconds
MKM Run 340 Finished in 0.08892083540558815 seconds
MKM Run 341 Finished in 0.08549652993679047 seconds
MKM Run 342 Finished in 0.0912175364792347 seconds
MKM Run 343 Finished in 0.10515553131699562 seconds
MKM Run 344 Finished in 0.08617331087589264 seconds
MKM Run 345 Finished in 0.08605876192450523 seconds
MKM Run 346 Finished in 0.10578170418739319 seconds
MKM Run 347 Finished in 0.09075268357992172 seconds
MKM Run 348 Finished in 0.08424343168735504 seconds
MKM Run 349 Finished in 0.08913655951619148 seconds
MKM Run 350 Finished in 0.09378408268094063 seconds
MKM Run 351 Finished in 0.08848592638969421 seconds
MKM Run 352 Finished in 0.08446119725704193 seconds
MKM Run 353 Finished in 0.09689421206712723 seconds
MKM Run 354 Finished in 0.08896582573652267 seconds
MKM Run 355 Finished in 0.09004126861691475 seconds
MKM Run 356 Finished in 0.08819709718227386 seconds
MKM Run 357 Finished in 0.09315303340554237 seconds
MKM Run 358 Finished in 0.08556604385375977 seconds
MKM Run 359 Finished in 0.08704677224159241 seconds
i 5 species H(T) f(x+h) 1.7573467981495356 f(x-h) 1.7573467981495356 doln(f) 0.0 doln(p) 0.20067069546215122 LSA(i) 0.0
MKM Run 360 Finished in 0.0884038619697094 seconds
MKM Run 361 Finished in 0.09514749422669411 seconds
MKM Run 362 Finished in 0.09146954491734505 seconds
MKM Run 363 Finished in 0.08828776329755783 seconds
MKM Run 364 Finished in 0.0883687436580658 seconds
MKM Run 365 Finished in 0.08079769089818001 seconds
MKM Run 366 Finished in 0.08209989964962006 seconds
MKM Run 367 Finished in 0.08837520331144333 seconds
MKM Run 368 Finished in 0.0842672735452652 seconds
MKM Run 369 Finished in 0.08319401741027832 seconds
MKM Run 370 Finished in 0.08824260905385017 seconds
MKM Run 371 Finished in 0.09202205017209053 seconds
MKM Run 372 Finished in 0.09858374670147896 seconds
MKM Run 373 Finished in 0.1057453602552414 seconds
MKM Run 374 Finished in 0.0906967855989933 seconds
MKM Run 375 Finished in 0.08817102760076523 seconds
MKM Run 376 Finished in 0.10641922801733017 seconds
MKM Run 377 Finished in 0.08792168647050858 seconds
MKM Run 378 Finished in 0.08587167412042618 seconds
MKM Run 379 Finished in 0.09002720564603806 seconds
MKM Run 380 Finished in 0.0885942280292511 seconds
MKM Run 381 Finished in 0.08812165260314941 seconds
MKM Run 382 Finished in 0.08827982470393181 seconds
MKM Run 383 Finished in 0.10115261003375053 seconds
MKM Run 384 Finished in 0.08995543792843819 seconds
MKM Run 385 Finished in 0.09500233083963394 seconds
MKM Run 386 Finished in 0.08808460459113121 seconds
MKM Run 387 Finished in 0.09458190575242043 seconds
MKM Run 388 Finished in 0.08256277069449425 seconds
MKM Run 389 Finished in 0.08644186705350876 seconds
MKM Run 390 Finished in 0.09591907635331154 seconds
MKM Run 391 Finished in 0.10848181322216988 seconds
MKM Run 392 Finished in 0.10162307322025299 seconds
MKM Run 393 Finished in 0.09580611065030098 seconds
MKM Run 394 Finished in 0.10219999775290489 seconds
MKM Run 395 Finished in 0.09028272330760956 seconds
MKM Run 396 Finished in 0.08917639032006264 seconds
MKM Run 397 Finished in 0.10192782804369926 seconds
MKM Run 398 Finished in 0.10062886774539948 seconds
MKM Run 399 Finished in 0.09429539740085602 seconds
MKM Run 400 Finished in 0.09744875133037567 seconds
MKM Run 401 Finished in 0.10299179330468178 seconds
MKM Run 402 Finished in 0.10604870691895485 seconds
MKM Run 403 Finished in 0.11691924929618835 seconds
MKM Run 404 Finished in 0.09561304375529289 seconds
MKM Run 405 Finished in 0.09938420355319977 seconds
MKM Run 406 Finished in 0.12862670421600342 seconds
MKM Run 407 Finished in 0.10698427259922028 seconds
MKM Run 408 Finished in 0.09364301711320877 seconds
MKM Run 409 Finished in 0.0964808352291584 seconds
MKM Run 410 Finished in 0.10263974964618683 seconds
MKM Run 411 Finished in 0.09587621688842773 seconds
MKM Run 412 Finished in 0.09657493978738785 seconds
MKM Run 413 Finished in 0.10910387337207794 seconds
MKM Run 414 Finished in 0.10012152418494225 seconds
MKM Run 415 Finished in 0.09900303557515144 seconds
MKM Run 416 Finished in 0.0994873195886612 seconds
MKM Run 417 Finished in 0.10334126651287079 seconds
MKM Run 418 Finished in 0.09586391597986221 seconds
MKM Run 419 Finished in 0.10183615982532501 seconds
i 6 species NH3(T) f(x+h) 1.7573467981495356 f(x-h) 1.7573467981495356 doln(f) 0.0 doln(p) 0.20067069546215122 LSA(i) 0.0
MKM Run 420 Finished in 0.09733540192246437 seconds
MKM Run 421 Finished in 0.10673151165246964 seconds
MKM Run 422 Finished in 0.09801435470581055 seconds
MKM Run 423 Finished in 0.09533736109733582 seconds
MKM Run 424 Finished in 0.09413289651274681 seconds
MKM Run 425 Finished in 0.08806080371141434 seconds
MKM Run 426 Finished in 0.08403128385543823 seconds
MKM Run 427 Finished in 0.0989617258310318 seconds
MKM Run 428 Finished in 0.09316831082105637 seconds
MKM Run 429 Finished in 0.08905389532446861 seconds
MKM Run 430 Finished in 0.09745244681835175 seconds
MKM Run 431 Finished in 0.09524188935756683 seconds
MKM Run 432 Finished in 0.10082527250051498 seconds
MKM Run 433 Finished in 0.09761911258101463 seconds
MKM Run 434 Finished in 0.0851004421710968 seconds
MKM Run 435 Finished in 0.09391268715262413 seconds
MKM Run 436 Finished in 0.10405610129237175 seconds
MKM Run 437 Finished in 0.09097298607230186 seconds
MKM Run 438 Finished in 0.0825793482363224 seconds
MKM Run 439 Finished in 0.08764911815524101 seconds
MKM Run 440 Finished in 0.08847454562783241 seconds
MKM Run 441 Finished in 0.09262513369321823 seconds
MKM Run 442 Finished in 0.0890832170844078 seconds
MKM Run 443 Finished in 0.10294215381145477 seconds
MKM Run 444 Finished in 0.09145266562700272 seconds
MKM Run 445 Finished in 0.09321435913443565 seconds
MKM Run 446 Finished in 0.08656663447618484 seconds
MKM Run 447 Finished in 0.09051569923758507 seconds
MKM Run 448 Finished in 0.08528614416718483 seconds
MKM Run 449 Finished in 0.0903363823890686 seconds
MKM Run 450 Finished in 0.08839552477002144 seconds
MKM Run 451 Finished in 0.09827456623315811 seconds
MKM Run 452 Finished in 0.0916016697883606 seconds
MKM Run 453 Finished in 0.08574239909648895 seconds
MKM Run 454 Finished in 0.087908074259758 seconds
MKM Run 455 Finished in 0.0807635560631752 seconds
MKM Run 456 Finished in 0.077133409678936 seconds
MKM Run 457 Finished in 0.0941605493426323 seconds
MKM Run 458 Finished in 0.08872099965810776 seconds
MKM Run 459 Finished in 0.0839180238544941 seconds
MKM Run 460 Finished in 0.0833502747118473 seconds
MKM Run 461 Finished in 0.0888337567448616 seconds
MKM Run 462 Finished in 0.09559227153658867 seconds
MKM Run 463 Finished in 0.09978839010000229 seconds
MKM Run 464 Finished in 0.08883993700146675 seconds
MKM Run 465 Finished in 0.0922996886074543 seconds
MKM Run 466 Finished in 0.107246033847332 seconds
MKM Run 467 Finished in 0.10180500149726868 seconds
MKM Run 468 Finished in 0.08361298590898514 seconds
MKM Run 469 Finished in 0.08821546286344528 seconds
MKM Run 470 Finished in 0.09782076254487038 seconds
MKM Run 471 Finished in 0.09393496438860893 seconds
MKM Run 472 Finished in 0.08766131103038788 seconds
MKM Run 473 Finished in 0.0968245230615139 seconds
MKM Run 474 Finished in 0.08764290809631348 seconds
MKM Run 475 Finished in 0.09026557952165604 seconds
MKM Run 476 Finished in 0.08519284054636955 seconds
MKM Run 477 Finished in 0.09062577411532402 seconds
MKM Run 478 Finished in 0.08333945646882057 seconds
MKM Run 479 Finished in 0.08771155774593353 seconds
i 7 species NH2(T) f(x+h) 1.7573467981495356 f(x-h) 1.7573467981495356 doln(f) 0.0 doln(p) 0.20067069546215122 LSA(i) 0.0
MKM Run 480 Finished in 0.0848563127219677 seconds
MKM Run 481 Finished in 0.10164780169725418 seconds
MKM Run 482 Finished in 0.0944858081638813 seconds
MKM Run 483 Finished in 0.08411011472344398 seconds
MKM Run 484 Finished in 0.08636123687028885 seconds
MKM Run 485 Finished in 0.0788998045027256 seconds
MKM Run 486 Finished in 0.0762452520430088 seconds
MKM Run 487 Finished in 0.08293765783309937 seconds
MKM Run 488 Finished in 0.08138366416096687 seconds
MKM Run 489 Finished in 0.0771314799785614 seconds
MKM Run 490 Finished in 0.08603096380829811 seconds
MKM Run 491 Finished in 0.08635342121124268 seconds
MKM Run 492 Finished in 0.09051575884222984 seconds
MKM Run 493 Finished in 0.10755516588687897 seconds
MKM Run 494 Finished in 0.09285569190979004 seconds
MKM Run 495 Finished in 0.09885573014616966 seconds
MKM Run 496 Finished in 0.11909989267587662 seconds
MKM Run 497 Finished in 0.11587509512901306 seconds
MKM Run 498 Finished in 0.09224966168403625 seconds
MKM Run 499 Finished in 0.10152117162942886 seconds
MKM Run 500 Finished in 0.09982622042298317 seconds
MKM Run 501 Finished in 0.1040257103741169 seconds
MKM Run 502 Finished in 0.0980871319770813 seconds
MKM Run 503 Finished in 0.10981627553701401 seconds
MKM Run 504 Finished in 0.10016564652323723 seconds
MKM Run 505 Finished in 0.10389522463083267 seconds
MKM Run 506 Finished in 0.0975261963903904 seconds
MKM Run 507 Finished in 0.10500507056713104 seconds
MKM Run 508 Finished in 0.1011817455291748 seconds
MKM Run 509 Finished in 0.10311900824308395 seconds
MKM Run 510 Finished in 0.09762858599424362 seconds
MKM Run 511 Finished in 0.11147623881697655 seconds
MKM Run 512 Finished in 0.10333747789263725 seconds
MKM Run 513 Finished in 0.09701142460107803 seconds
MKM Run 514 Finished in 0.09984204173088074 seconds
MKM Run 515 Finished in 0.09159765392541885 seconds
MKM Run 516 Finished in 0.08793310821056366 seconds
MKM Run 517 Finished in 0.10202789306640625 seconds
MKM Run 518 Finished in 0.09601779282093048 seconds
MKM Run 519 Finished in 0.09156214073300362 seconds
MKM Run 520 Finished in 0.09514603391289711 seconds
MKM Run 521 Finished in 0.09480515122413635 seconds
MKM Run 522 Finished in 0.10197676718235016 seconds
MKM Run 523 Finished in 0.105535339564085 seconds
MKM Run 524 Finished in 0.08566119894385338 seconds
MKM Run 525 Finished in 0.08608781546354294 seconds
MKM Run 526 Finished in 0.10925229266285896 seconds
MKM Run 527 Finished in 0.08750367164611816 seconds
MKM Run 528 Finished in 0.08158048987388611 seconds
MKM Run 529 Finished in 0.08403846994042397 seconds
MKM Run 530 Finished in 0.09835625439882278 seconds
MKM Run 531 Finished in 0.08648744598031044 seconds
MKM Run 532 Finished in 0.08906551823019981 seconds
MKM Run 533 Finished in 0.10202902927994728 seconds
MKM Run 534 Finished in 0.09195758029818535 seconds
MKM Run 535 Finished in 0.09499246627092361 seconds
MKM Run 536 Finished in 0.08712511137127876 seconds
MKM Run 537 Finished in 0.08851253986358643 seconds
MKM Run 538 Finished in 0.089322030544281 seconds
MKM Run 539 Finished in 0.091140266507864 seconds
i 8 species NH(T) f(x+h) 1.7573467981495356 f(x-h) 1.7573467981495356 doln(f) 0.0 doln(p) 0.20067069546215122 LSA(i) 0.0
MKM Run 540 Finished in 0.08497784286737442 seconds
MKM Run 541 Finished in 0.09806092083454132 seconds
MKM Run 542 Finished in 0.09139450639486313 seconds
MKM Run 543 Finished in 0.08273186534643173 seconds
MKM Run 544 Finished in 0.08799034729599953 seconds
MKM Run 545 Finished in 0.08422689512372017 seconds
MKM Run 546 Finished in 0.08109435066580772 seconds
MKM Run 547 Finished in 0.08835680782794952 seconds
MKM Run 548 Finished in 0.08521703258156776 seconds
MKM Run 549 Finished in 0.08449752628803253 seconds
MKM Run 550 Finished in 0.08644569665193558 seconds
MKM Run 551 Finished in 0.08773784711956978 seconds
MKM Run 552 Finished in 0.09458895400166512 seconds
MKM Run 553 Finished in 0.09573912620544434 seconds
MKM Run 554 Finished in 0.08204865828156471 seconds
MKM Run 555 Finished in 0.08429402858018875 seconds
MKM Run 556 Finished in 0.10184567049145699 seconds
MKM Run 557 Finished in 0.0889384113252163 seconds
MKM Run 558 Finished in 0.08430216461420059 seconds
MKM Run 559 Finished in 0.086260586977005 seconds
MKM Run 560 Finished in 0.09181437641382217 seconds
MKM Run 561 Finished in 0.08909229189157486 seconds
MKM Run 562 Finished in 0.08922035247087479 seconds
MKM Run 563 Finished in 0.09921768680214882 seconds
MKM Run 564 Finished in 0.08800599724054337 seconds
MKM Run 565 Finished in 0.0927346758544445 seconds
MKM Run 566 Finished in 0.08837006986141205 seconds
MKM Run 567 Finished in 0.09226919338107109 seconds
MKM Run 568 Finished in 0.08796176314353943 seconds
MKM Run 569 Finished in 0.09258205816149712 seconds
MKM Run 570 Finished in 0.08940331637859344 seconds
MKM Run 571 Finished in 0.09830185398459435 seconds
MKM Run 572 Finished in 0.09624497219920158 seconds
MKM Run 573 Finished in 0.0904136523604393 seconds
MKM Run 574 Finished in 0.09046733379364014 seconds
MKM Run 575 Finished in 0.0816580280661583 seconds
MKM Run 576 Finished in 0.07595667615532875 seconds
MKM Run 577 Finished in 0.08908222988247871 seconds
MKM Run 578 Finished in 0.08716392144560814 seconds
MKM Run 579 Finished in 0.08386734873056412 seconds
MKM Run 580 Finished in 0.08888577669858932 seconds
MKM Run 581 Finished in 0.08926555514335632 seconds
MKM Run 582 Finished in 0.09352584183216095 seconds
MKM Run 583 Finished in 0.10210948809981346 seconds
MKM Run 584 Finished in 0.08559177443385124 seconds
MKM Run 585 Finished in 0.08647329732775688 seconds
MKM Run 586 Finished in 0.10268309712409973 seconds
MKM Run 587 Finished in 0.0908084586262703 seconds
MKM Run 588 Finished in 0.08075377717614174 seconds
MKM Run 589 Finished in 0.08494174852967262 seconds
MKM Run 590 Finished in 0.09579814970493317 seconds
MKM Run 591 Finished in 0.08895900100469589 seconds
MKM Run 592 Finished in 0.08401801064610481 seconds
MKM Run 593 Finished in 0.09825150296092033 seconds
MKM Run 594 Finished in 0.09146398678421974 seconds
MKM Run 595 Finished in 0.09515054896473885 seconds
MKM Run 596 Finished in 0.08600612357258797 seconds
MKM Run 597 Finished in 0.09093835577368736 seconds
MKM Run 598 Finished in 0.08684900030493736 seconds
MKM Run 599 Finished in 0.0921805314719677 seconds
i 9 species TS1_NH3(T) f(x+h) 1.7573467981495356 f(x-h) 1.7573467981495356 doln(f) 0.0 doln(p) 0.20067069546215122 LSA(i) 0.0
MKM Run 600 Finished in 0.0895126648247242 seconds
MKM Run 601 Finished in 0.1018206924200058 seconds
MKM Run 602 Finished in 0.09385212883353233 seconds
MKM Run 603 Finished in 0.0877646654844284 seconds
MKM Run 604 Finished in 0.08916788548231125 seconds
MKM Run 605 Finished in 0.08378729969263077 seconds
MKM Run 606 Finished in 0.08795702084898949 seconds
MKM Run 607 Finished in 0.09301423653960228 seconds
MKM Run 608 Finished in 0.08622323349118233 seconds
MKM Run 609 Finished in 0.08373438566923141 seconds
MKM Run 610 Finished in 0.08879289776086807 seconds
MKM Run 611 Finished in 0.09067640453577042 seconds
MKM Run 612 Finished in 0.09865106642246246 seconds
MKM Run 613 Finished in 0.10266022011637688 seconds
MKM Run 614 Finished in 0.0907815434038639 seconds
MKM Run 615 Finished in 0.0909675732254982 seconds
MKM Run 616 Finished in 0.11027614772319794 seconds
MKM Run 617 Finished in 0.09743019565939903 seconds
MKM Run 618 Finished in 0.0839923694729805 seconds
MKM Run 619 Finished in 0.08675936609506607 seconds
MKM Run 620 Finished in 0.09532098099589348 seconds
MKM Run 621 Finished in 0.08950410038232803 seconds
MKM Run 622 Finished in 0.08457911387085915 seconds
MKM Run 623 Finished in 0.09355832636356354 seconds
MKM Run 624 Finished in 0.09049643203616142 seconds
MKM Run 625 Finished in 0.0914587527513504 seconds
MKM Run 626 Finished in 0.0849822610616684 seconds
MKM Run 627 Finished in 0.08970952406525612 seconds
MKM Run 628 Finished in 0.0865883082151413 seconds
MKM Run 629 Finished in 0.09204830601811409 seconds
MKM Run 630 Finished in 0.0859159491956234 seconds
MKM Run 631 Finished in 0.09680365771055222 seconds
MKM Run 632 Finished in 0.09367189183831215 seconds
MKM Run 633 Finished in 0.09015714004635811 seconds
MKM Run 634 Finished in 0.09190570935606956 seconds
MKM Run 635 Finished in 0.08435749262571335 seconds
MKM Run 636 Finished in 0.08226213231682777 seconds
MKM Run 637 Finished in 0.08576260134577751 seconds
MKM Run 638 Finished in 0.08050867170095444 seconds
MKM Run 639 Finished in 0.08151032775640488 seconds
MKM Run 640 Finished in 0.08764389529824257 seconds
MKM Run 641 Finished in 0.09216658025979996 seconds
MKM Run 642 Finished in 0.09478987380862236 seconds
MKM Run 643 Finished in 0.0998033732175827 seconds
MKM Run 644 Finished in 0.08295655995607376 seconds
MKM Run 645 Finished in 0.09069961681962013 seconds
MKM Run 646 Finished in 0.10624566301703453 seconds
MKM Run 647 Finished in 0.09492101520299911 seconds
MKM Run 648 Finished in 0.08205622062087059 seconds
MKM Run 649 Finished in 0.0898490734398365 seconds
MKM Run 650 Finished in 0.0929880179464817 seconds
MKM Run 651 Finished in 0.09074404463171959 seconds
MKM Run 652 Finished in 0.09203037619590759 seconds
MKM Run 653 Finished in 0.16394257545471191 seconds
MKM Run 654 Finished in 0.14226828888058662 seconds
MKM Run 655 Finished in 0.09397765249013901 seconds
MKM Run 656 Finished in 0.07888476550579071 seconds
MKM Run 657 Finished in 0.08662041649222374 seconds
MKM Run 658 Finished in 0.08312611654400826 seconds
MKM Run 659 Finished in 0.08532318845391273 seconds
i 10 species TS2_NH2(T) f(x+h) 1.7573467981495356 f(x-h) 1.7573467981495356 doln(f) 0.0 doln(p) 0.20067069546215122 LSA(i) 0.0
MKM Run 660 Finished in 0.08362863957881927 seconds
MKM Run 661 Finished in 0.09758239984512329 seconds
MKM Run 662 Finished in 0.09299872815608978 seconds
MKM Run 663 Finished in 0.08743122220039368 seconds
MKM Run 664 Finished in 0.0877225287258625 seconds
MKM Run 665 Finished in 0.08136497065424919 seconds
MKM Run 666 Finished in 0.08168071880936623 seconds
MKM Run 667 Finished in 0.08831091225147247 seconds
MKM Run 668 Finished in 0.08280488848686218 seconds
MKM Run 669 Finished in 0.0806073322892189 seconds
MKM Run 670 Finished in 0.08504996821284294 seconds
MKM Run 671 Finished in 0.09070555865764618 seconds
MKM Run 672 Finished in 0.09472338110208511 seconds
MKM Run 673 Finished in 0.0995420552790165 seconds
MKM Run 674 Finished in 0.08669251203536987 seconds
MKM Run 675 Finished in 0.0892447903752327 seconds
MKM Run 676 Finished in 0.10933652520179749 seconds
MKM Run 677 Finished in 0.09504781663417816 seconds
MKM Run 678 Finished in 0.0851759985089302 seconds
MKM Run 679 Finished in 0.08533843979239464 seconds
MKM Run 680 Finished in 0.09438932314515114 seconds
MKM Run 681 Finished in 0.08994889631867409 seconds
MKM Run 682 Finished in 0.08864499628543854 seconds
MKM Run 683 Finished in 0.09858011454343796 seconds
MKM Run 684 Finished in 0.08983954414725304 seconds
MKM Run 685 Finished in 0.08921835944056511 seconds
MKM Run 686 Finished in 0.0851881392300129 seconds
MKM Run 687 Finished in 0.08877743035554886 seconds
MKM Run 688 Finished in 0.09156187623739243 seconds
MKM Run 689 Finished in 0.09757154434919357 seconds
MKM Run 690 Finished in 0.08364583924412727 seconds
MKM Run 691 Finished in 0.09638286009430885 seconds
MKM Run 692 Finished in 0.09028702229261398 seconds
MKM Run 693 Finished in 0.08227812498807907 seconds
MKM Run 694 Finished in 0.08641809970140457 seconds
MKM Run 695 Finished in 0.08284959197044373 seconds
MKM Run 696 Finished in 0.07947902753949165 seconds
MKM Run 697 Finished in 0.08702260255813599 seconds
MKM Run 698 Finished in 0.08664129674434662 seconds
MKM Run 699 Finished in 0.07915568724274635 seconds
MKM Run 700 Finished in 0.08211718872189522 seconds
MKM Run 701 Finished in 0.09097924083471298 seconds
MKM Run 702 Finished in 0.0938764214515686 seconds
MKM Run 703 Finished in 0.09972309321165085 seconds
MKM Run 704 Finished in 0.08950168266892433 seconds
MKM Run 705 Finished in 0.0924798883497715 seconds
MKM Run 706 Finished in 0.10738019272685051 seconds
MKM Run 707 Finished in 0.09287096560001373 seconds
MKM Run 708 Finished in 0.08360110223293304 seconds
MKM Run 709 Finished in 0.08638519421219826 seconds
MKM Run 710 Finished in 0.09757260233163834 seconds
MKM Run 711 Finished in 0.08992467820644379 seconds
MKM Run 712 Finished in 0.08795531466603279 seconds
MKM Run 713 Finished in 0.0966900922358036 seconds
MKM Run 714 Finished in 0.08674193918704987 seconds
MKM Run 715 Finished in 0.09169433265924454 seconds
MKM Run 716 Finished in 0.08793703094124794 seconds
MKM Run 717 Finished in 0.09247215464711189 seconds
MKM Run 718 Finished in 0.0879749096930027 seconds
MKM Run 719 Finished in 0.09344305470585823 seconds
i 11 species TS3_NH(T) f(x+h) 1.7573467981495356 f(x-h) 1.7573467981495356 doln(f) 0.0 doln(p) 0.20067069546215122 LSA(i) 0.0
MKM Run 720 Finished in 0.08801286295056343 seconds
MKM Run 721 Finished in 0.09922172501683235 seconds
MKM Run 722 Finished in 0.09237690269947052 seconds
MKM Run 723 Finished in 0.0852249264717102 seconds
MKM Run 724 Finished in 0.09061193093657494 seconds
MKM Run 725 Finished in 0.08307918161153793 seconds
MKM Run 726 Finished in 0.07849236950278282 seconds
MKM Run 727 Finished in 0.08338385820388794 seconds
MKM Run 728 Finished in 0.08306840062141418 seconds
MKM Run 729 Finished in 0.07977420091629028 seconds
MKM Run 730 Finished in 0.08189662918448448 seconds
MKM Run 731 Finished in 0.08565504476428032 seconds
MKM Run 732 Finished in 0.09063825756311417 seconds
MKM Run 733 Finished in 0.09662961959838867 seconds
MKM Run 734 Finished in 0.08136610686779022 seconds
MKM Run 735 Finished in 0.090373445302248 seconds
MKM Run 736 Finished in 0.11084382236003876 seconds
MKM Run 737 Finished in 0.09338345751166344 seconds
MKM Run 738 Finished in 0.08337949961423874 seconds
MKM Run 739 Finished in 0.0868176706135273 seconds
MKM Run 740 Finished in 0.09581022709608078 seconds
MKM Run 741 Finished in 0.09212011471390724 seconds
MKM Run 742 Finished in 0.09096229448914528 seconds
MKM Run 743 Finished in 0.09821867942810059 seconds
MKM Run 744 Finished in 0.08990764245390892 seconds
MKM Run 745 Finished in 0.09130411967635155 seconds
MKM Run 746 Finished in 0.09072127193212509 seconds
MKM Run 747 Finished in 0.09361278265714645 seconds
MKM Run 748 Finished in 0.08678184077143669 seconds
MKM Run 749 Finished in 0.09068624302744865 seconds
MKM Run 750 Finished in 0.09128064289689064 seconds
MKM Run 751 Finished in 0.09784910082817078 seconds
MKM Run 752 Finished in 0.09115185588598251 seconds
MKM Run 753 Finished in 0.08641621470451355 seconds
MKM Run 754 Finished in 0.0900714211165905 seconds
MKM Run 755 Finished in 0.0836566910147667 seconds
MKM Run 756 Finished in 0.0818396657705307 seconds
MKM Run 757 Finished in 0.08775443956255913 seconds
MKM Run 758 Finished in 0.08344316855072975 seconds
MKM Run 759 Finished in 0.08798689395189285 seconds
MKM Run 760 Finished in 0.08688893169164658 seconds
MKM Run 761 Finished in 0.08951322734355927 seconds
MKM Run 762 Finished in 0.09085134044289589 seconds
MKM Run 763 Finished in 0.09778936952352524 seconds
MKM Run 764 Finished in 0.08095254376530647 seconds
MKM Run 765 Finished in 0.08359121903777122 seconds
MKM Run 766 Finished in 0.1024758443236351 seconds
MKM Run 767 Finished in 0.08632703125476837 seconds
MKM Run 768 Finished in 0.0806746855378151 seconds
MKM Run 769 Finished in 0.08931536599993706 seconds
MKM Run 770 Finished in 0.08986717462539673 seconds
MKM Run 771 Finished in 0.08608311787247658 seconds
MKM Run 772 Finished in 0.08614522591233253 seconds
MKM Run 773 Finished in 0.09887059405446053 seconds
MKM Run 774 Finished in 0.09068809077143669 seconds
MKM Run 775 Finished in 0.09134575724601746 seconds
MKM Run 776 Finished in 0.09019684046506882 seconds
MKM Run 777 Finished in 0.09006790816783905 seconds
MKM Run 778 Finished in 0.08758306130766869 seconds
MKM Run 779 Finished in 0.08818613365292549 seconds
i 12 species TS4_N2(T) f(x+h) 1.7573467981495356 f(x-h) 1.7573467981495356 doln(f) 0.0 doln(p) 0.20067069546215122 LSA(i) 0.0
MKM Run 780 Finished in 0.09048785641789436 seconds
MKM Run 781 Finished in 0.09974723681807518 seconds
MKM Run 782 Finished in 0.09120552986860275 seconds
MKM Run 783 Finished in 0.08995351567864418 seconds
MKM Run 784 Finished in 0.08901723101735115 seconds
MKM Run 785 Finished in 0.08228117227554321 seconds
MKM Run 786 Finished in 0.08060633763670921 seconds
MKM Run 787 Finished in 0.09037062898278236 seconds
MKM Run 788 Finished in 0.08542931824922562 seconds
MKM Run 789 Finished in 0.08126756176352501 seconds
MKM Run 790 Finished in 0.0867130346596241 seconds
MKM Run 791 Finished in 0.08878865838050842 seconds
MKM Run 792 Finished in 0.09455655515193939 seconds
MKM Run 793 Finished in 0.10445524752140045 seconds
MKM Run 794 Finished in 0.08843684569001198 seconds
MKM Run 795 Finished in 0.08663951978087425 seconds
MKM Run 796 Finished in 0.10705247148871422 seconds
MKM Run 797 Finished in 0.09042089805006981 seconds
MKM Run 798 Finished in 0.08079338446259499 seconds
MKM Run 799 Finished in 0.08489492535591125 seconds
MKM Run 800 Finished in 0.08982989192008972 seconds
MKM Run 801 Finished in 0.08991891518235207 seconds
MKM Run 802 Finished in 0.088350098580122 seconds
MKM Run 803 Finished in 0.10298381745815277 seconds
MKM Run 804 Finished in 0.0902278684079647 seconds
MKM Run 805 Finished in 0.09785409271717072 seconds
MKM Run 806 Finished in 0.08545970171689987 seconds
MKM Run 807 Finished in 0.09074422344565392 seconds
MKM Run 808 Finished in 0.08457522839307785 seconds
MKM Run 809 Finished in 0.09005759283900261 seconds
MKM Run 810 Finished in 0.08675405383110046 seconds
MKM Run 811 Finished in 0.09853018075227737 seconds
MKM Run 812 Finished in 0.09056876972317696 seconds
MKM Run 813 Finished in 0.09039695933461189 seconds
MKM Run 814 Finished in 0.0879092775285244 seconds
MKM Run 815 Finished in 0.08030147850513458 seconds
MKM Run 816 Finished in 0.07961347326636314 seconds
MKM Run 817 Finished in 0.08754998445510864 seconds
MKM Run 818 Finished in 0.08524879813194275 seconds
MKM Run 819 Finished in 0.08289644494652748 seconds
MKM Run 820 Finished in 0.08673978969454765 seconds
MKM Run 821 Finished in 0.0861164964735508 seconds
MKM Run 822 Finished in 0.09235871210694313 seconds
MKM Run 823 Finished in 0.10120591893792152 seconds
MKM Run 824 Finished in 0.08403630927205086 seconds
MKM Run 825 Finished in 0.08764414489269257 seconds
MKM Run 826 Finished in 0.10460411012172699 seconds
MKM Run 827 Finished in 0.0931239128112793 seconds
MKM Run 828 Finished in 0.08559762686491013 seconds
MKM Run 829 Finished in 0.08922635391354561 seconds
MKM Run 830 Finished in 0.09707051515579224 seconds
MKM Run 831 Finished in 0.0917503722012043 seconds
MKM Run 832 Finished in 0.09009455516934395 seconds
MKM Run 833 Finished in 0.09721337258815765 seconds
MKM Run 834 Finished in 0.09618715196847916 seconds
MKM Run 835 Finished in 0.09239117801189423 seconds
MKM Run 836 Finished in 0.08625512570142746 seconds
MKM Run 837 Finished in 0.09122199937701225 seconds
MKM Run 838 Finished in 0.08657962828874588 seconds
MKM Run 839 Finished in 0.09116381779313087 seconds
i 13 species N2(S) f(x+h) 1.7573468024150656 f(x-h) 1.7573467976999142 doln(f) 2.6831080690570275e-09 doln(p) 0.20067069546215122 LSA(i) 1.337070199950093e-08
MKM Run 840 Finished in 0.08801725134253502 seconds
MKM Run 841 Finished in 0.09634171798825264 seconds
MKM Run 842 Finished in 0.0897529125213623 seconds
MKM Run 843 Finished in 0.08682174608111382 seconds
MKM Run 844 Finished in 0.08764078840613365 seconds
MKM Run 845 Finished in 0.07953410595655441 seconds
MKM Run 846 Finished in 0.0802227184176445 seconds
MKM Run 847 Finished in 0.0906873531639576 seconds
MKM Run 848 Finished in 0.08475653827190399 seconds
MKM Run 849 Finished in 0.07995685562491417 seconds
MKM Run 850 Finished in 0.08559409156441689 seconds
MKM Run 851 Finished in 0.08634762465953827 seconds
MKM Run 852 Finished in 0.09850550442934036 seconds
MKM Run 853 Finished in 0.09625102579593658 seconds
MKM Run 854 Finished in 0.08854325488209724 seconds
MKM Run 855 Finished in 0.09188054129481316 seconds
MKM Run 856 Finished in 0.11035040766000748 seconds
MKM Run 857 Finished in 0.09402120113372803 seconds
MKM Run 858 Finished in 0.08807218447327614 seconds
MKM Run 859 Finished in 0.09084456041455269 seconds
MKM Run 860 Finished in 0.09525275602936745 seconds
MKM Run 861 Finished in 0.09087060019373894 seconds
MKM Run 862 Finished in 0.08844657614827156 seconds
MKM Run 863 Finished in 0.10136708244681358 seconds
MKM Run 864 Finished in 0.09264356642961502 seconds
MKM Run 865 Finished in 0.09307054430246353 seconds
MKM Run 866 Finished in 0.0895768329501152 seconds
MKM Run 867 Finished in 0.09328292682766914 seconds
MKM Run 868 Finished in 0.08881225064396858 seconds
MKM Run 869 Finished in 0.09490889310836792 seconds
MKM Run 870 Finished in 0.09959246590733528 seconds
MKM Run 871 Finished in 0.11481118202209473 seconds
MKM Run 872 Finished in 0.10480980202555656 seconds
MKM Run 873 Finished in 0.09559871628880501 seconds
MKM Run 874 Finished in 0.09719359129667282 seconds
MKM Run 875 Finished in 0.09027697518467903 seconds
MKM Run 876 Finished in 0.08675391599535942 seconds
MKM Run 877 Finished in 0.0991782583296299 seconds
MKM Run 878 Finished in 0.09875139594078064 seconds
MKM Run 879 Finished in 0.0920489989221096 seconds
MKM Run 880 Finished in 0.09487469866871834 seconds
MKM Run 881 Finished in 0.09538830444216728 seconds
MKM Run 882 Finished in 0.10408302024006844 seconds
MKM Run 883 Finished in 0.1135234385728836 seconds
MKM Run 884 Finished in 0.0943007804453373 seconds
MKM Run 885 Finished in 0.09687240421772003 seconds
MKM Run 886 Finished in 0.11672981083393097 seconds
MKM Run 887 Finished in 0.10416728258132935 seconds
MKM Run 888 Finished in 0.09277912229299545 seconds
MKM Run 889 Finished in 0.0985201746225357 seconds
MKM Run 890 Finished in 0.10700695961713791 seconds
MKM Run 891 Finished in 0.1017085574567318 seconds
MKM Run 892 Finished in 0.0968695804476738 seconds
MKM Run 893 Finished in 0.1087980717420578 seconds
MKM Run 894 Finished in 0.10193715617060661 seconds
MKM Run 895 Finished in 0.10230162367224693 seconds
MKM Run 896 Finished in 0.09932137280702591 seconds
MKM Run 897 Finished in 0.10716626793146133 seconds
MKM Run 898 Finished in 0.09781346097588539 seconds
MKM Run 899 Finished in 0.10307424142956734 seconds
i 14 species N(S) f(x+h) 1.7422473299408046 f(x-h) 1.7588228927103824 doln(f) -0.009468925535964567 doln(p) 0.20067069546215122 LSA(i) -0.0471863891942833
MKM Run 900 Finished in 0.09944352507591248 seconds
MKM Run 901 Finished in 0.10762164741754532 seconds
MKM Run 902 Finished in 0.10380115732550621 seconds
MKM Run 903 Finished in 0.10102387890219688 seconds
MKM Run 904 Finished in 0.09837165847420692 seconds
MKM Run 905 Finished in 0.08834851160645485 seconds
MKM Run 906 Finished in 0.08657670766115189 seconds
MKM Run 907 Finished in 0.09723170474171638 seconds
MKM Run 908 Finished in 0.0955720916390419 seconds
MKM Run 909 Finished in 0.09159946069121361 seconds
MKM Run 910 Finished in 0.0933297723531723 seconds
MKM Run 911 Finished in 0.09714280813932419 seconds
MKM Run 912 Finished in 0.098921287804842 seconds
MKM Run 913 Finished in 0.10659639909863472 seconds
MKM Run 914 Finished in 0.0958671122789383 seconds
MKM Run 915 Finished in 0.09724089875817299 seconds
MKM Run 916 Finished in 0.11924154311418533 seconds
MKM Run 917 Finished in 0.10051441565155983 seconds
MKM Run 918 Finished in 0.09257720038294792 seconds
MKM Run 919 Finished in 0.09809630736708641 seconds
MKM Run 920 Finished in 0.10486901551485062 seconds
MKM Run 921 Finished in 0.10098689422011375 seconds
MKM Run 922 Finished in 0.09625822305679321 seconds
MKM Run 923 Finished in 0.11256568506360054 seconds
MKM Run 924 Finished in 0.10006789863109589 seconds
MKM Run 925 Finished in 0.10139372944831848 seconds
MKM Run 926 Finished in 0.09820348024368286 seconds
MKM Run 927 Finished in 0.09761125966906548 seconds
MKM Run 928 Finished in 0.09115687757730484 seconds
MKM Run 929 Finished in 0.09005560725927353 seconds
MKM Run 930 Finished in 0.08697198703885078 seconds
MKM Run 931 Finished in 0.09559425711631775 seconds
MKM Run 932 Finished in 0.09141220524907112 seconds
MKM Run 933 Finished in 0.0852636955678463 seconds
MKM Run 934 Finished in 0.08936874568462372 seconds
MKM Run 935 Finished in 0.07896148785948753 seconds
MKM Run 936 Finished in 0.07828203961253166 seconds
MKM Run 937 Finished in 0.08304118737578392 seconds
MKM Run 938 Finished in 0.08758357167243958 seconds
MKM Run 939 Finished in 0.08208706974983215 seconds
MKM Run 940 Finished in 0.08933690190315247 seconds
MKM Run 941 Finished in 0.08644013479351997 seconds
MKM Run 942 Finished in 0.09359436109662056 seconds
MKM Run 943 Finished in 0.09564725682139397 seconds
MKM Run 944 Finished in 0.0892859511077404 seconds
MKM Run 945 Finished in 0.08538421615958214 seconds
MKM Run 946 Finished in 0.0993226021528244 seconds
MKM Run 947 Finished in 0.08824138715863228 seconds
MKM Run 948 Finished in 0.08225156739354134 seconds
MKM Run 949 Finished in 0.0839024968445301 seconds
MKM Run 950 Finished in 0.09201085940003395 seconds
MKM Run 951 Finished in 0.09184389188885689 seconds
MKM Run 952 Finished in 0.08883887529373169 seconds
MKM Run 953 Finished in 0.09503765031695366 seconds
MKM Run 954 Finished in 0.0949263907968998 seconds
MKM Run 955 Finished in 0.09213324263691902 seconds
MKM Run 956 Finished in 0.09289108589291573 seconds
MKM Run 957 Finished in 0.09343800321221352 seconds
MKM Run 958 Finished in 0.08839317783713341 seconds
MKM Run 959 Finished in 0.09212697297334671 seconds
i 15 species H(S) f(x+h) 1.754313630351227 f(x-h) 1.757651006193728 doln(f) -0.0019005754285649212 doln(p) 0.20067069546215122 LSA(i) -0.00947111597031063
MKM Run 960 Finished in 0.08518151938915253 seconds
MKM Run 961 Finished in 0.09818855300545692 seconds
MKM Run 962 Finished in 0.08962255716323853 seconds
MKM Run 963 Finished in 0.08831079304218292 seconds
MKM Run 964 Finished in 0.08918971940875053 seconds
MKM Run 965 Finished in 0.07907626777887344 seconds
MKM Run 966 Finished in 0.07875126227736473 seconds
MKM Run 967 Finished in 0.0883837342262268 seconds
MKM Run 968 Finished in 0.08797507360577583 seconds
MKM Run 969 Finished in 0.0849585048854351 seconds
MKM Run 970 Finished in 0.08222322165966034 seconds
MKM Run 971 Finished in 0.08601751178503036 seconds
MKM Run 972 Finished in 0.09221884608268738 seconds
MKM Run 973 Finished in 0.10131553933024406 seconds
MKM Run 974 Finished in 0.08652620390057564 seconds
MKM Run 975 Finished in 0.0868285521864891 seconds
MKM Run 976 Finished in 0.10414433106780052 seconds
MKM Run 977 Finished in 0.08849244564771652 seconds
MKM Run 978 Finished in 0.08168662339448929 seconds
MKM Run 979 Finished in 0.08686836808919907 seconds
MKM Run 980 Finished in 0.09085197001695633 seconds
MKM Run 981 Finished in 0.0857916884124279 seconds
MKM Run 982 Finished in 0.08246622234582901 seconds
MKM Run 983 Finished in 0.09396897256374359 seconds
MKM Run 984 Finished in 0.09336497634649277 seconds
MKM Run 985 Finished in 0.09806837514042854 seconds
MKM Run 986 Finished in 0.0890791192650795 seconds
MKM Run 987 Finished in 0.09230180084705353 seconds
MKM Run 988 Finished in 0.08833585679531097 seconds
MKM Run 989 Finished in 0.09142351895570755 seconds
MKM Run 990 Finished in 0.08394493535161018 seconds
MKM Run 991 Finished in 0.09680185467004776 seconds
MKM Run 992 Finished in 0.09332011267542839 seconds
MKM Run 993 Finished in 0.08755151554942131 seconds
MKM Run 994 Finished in 0.08704337850213051 seconds
MKM Run 995 Finished in 0.07839047536253929 seconds
MKM Run 996 Finished in 0.07974886894226074 seconds
MKM Run 997 Finished in 0.08980797976255417 seconds
MKM Run 998 Finished in 0.08556531742215157 seconds
MKM Run 999 Finished in 0.08341601490974426 seconds
MKM Run 1000 Finished in 0.08648050203919411 seconds
MKM Run 1001 Finished in 0.08557158708572388 seconds
MKM Run 1002 Finished in 0.09097481146454811 seconds
MKM Run 1003 Finished in 0.09775154292583466 seconds
MKM Run 1004 Finished in 0.07980438321828842 seconds
MKM Run 1005 Finished in 0.08715204522013664 seconds
MKM Run 1006 Finished in 0.10187021642923355 seconds
MKM Run 1007 Finished in 0.09248057752847672 seconds
MKM Run 1008 Finished in 0.08321797847747803 seconds
MKM Run 1009 Finished in 0.08365333825349808 seconds
MKM Run 1010 Finished in 0.08972379937767982 seconds
MKM Run 1011 Finished in 0.08901828899979591 seconds
MKM Run 1012 Finished in 0.08398412540555 seconds
MKM Run 1013 Finished in 0.09156817942857742 seconds
MKM Run 1014 Finished in 0.08697869256138802 seconds
MKM Run 1015 Finished in 0.09017659351229668 seconds
MKM Run 1016 Finished in 0.08633983880281448 seconds
MKM Run 1017 Finished in 0.08907902985811234 seconds
MKM Run 1018 Finished in 0.08740999549627304 seconds
MKM Run 1019 Finished in 0.09342013671994209 seconds
i 16 species NH3(S) f(x+h) 1.7573483063793662 f(x-h) 1.7573466482571154 doln(f) 9.435369341392885e-07 doln(p) 0.20067069546215122 LSA(i) 4.70191689905839e-06
MKM Run 1020 Finished in 0.09078717231750488 seconds
MKM Run 1021 Finished in 0.0959639810025692 seconds
MKM Run 1022 Finished in 0.09301814809441566 seconds
MKM Run 1023 Finished in 0.08572544157505035 seconds
MKM Run 1024 Finished in 0.09028499200940132 seconds
MKM Run 1025 Finished in 0.07869894802570343 seconds
MKM Run 1026 Finished in 0.07764044031500816 seconds
MKM Run 1027 Finished in 0.08583575487136841 seconds
MKM Run 1028 Finished in 0.08658036589622498 seconds
MKM Run 1029 Finished in 0.08287302404642105 seconds
MKM Run 1030 Finished in 0.08465595170855522 seconds
MKM Run 1031 Finished in 0.08815760165452957 seconds
MKM Run 1032 Finished in 0.09352700412273407 seconds
MKM Run 1033 Finished in 0.10233333334326744 seconds
MKM Run 1034 Finished in 0.08581885322928429 seconds
MKM Run 1035 Finished in 0.08629583939909935 seconds
MKM Run 1036 Finished in 0.10370049625635147 seconds
MKM Run 1037 Finished in 0.09195415303111076 seconds
MKM Run 1038 Finished in 0.08456477895379066 seconds
MKM Run 1039 Finished in 0.08756368979811668 seconds
MKM Run 1040 Finished in 0.0929279588162899 seconds
MKM Run 1041 Finished in 0.08890478312969208 seconds
MKM Run 1042 Finished in 0.08934573829174042 seconds
MKM Run 1043 Finished in 0.10051198303699493 seconds
MKM Run 1044 Finished in 0.0939553938806057 seconds
MKM Run 1045 Finished in 0.08892340958118439 seconds
MKM Run 1046 Finished in 0.08440092951059341 seconds
MKM Run 1047 Finished in 0.08922141417860985 seconds
MKM Run 1048 Finished in 0.08681319281458855 seconds
MKM Run 1049 Finished in 0.09339287132024765 seconds
MKM Run 1050 Finished in 0.08602039143443108 seconds
MKM Run 1051 Finished in 0.09770851209759712 seconds
MKM Run 1052 Finished in 0.09238941222429276 seconds
MKM Run 1053 Finished in 0.08414420858025551 seconds
MKM Run 1054 Finished in 0.09084939584136009 seconds
MKM Run 1055 Finished in 0.08306355774402618 seconds
MKM Run 1056 Finished in 0.07847754284739494 seconds
MKM Run 1057 Finished in 0.08957009017467499 seconds
MKM Run 1058 Finished in 0.08421632647514343 seconds
MKM Run 1059 Finished in 0.08171486854553223 seconds
MKM Run 1060 Finished in 0.08246137574315071 seconds
MKM Run 1061 Finished in 0.0858549252152443 seconds
MKM Run 1062 Finished in 0.09611755609512329 seconds
MKM Run 1063 Finished in 0.0962030366063118 seconds
MKM Run 1064 Finished in 0.08454199507832527 seconds
MKM Run 1065 Finished in 0.08963168039917946 seconds
MKM Run 1066 Finished in 0.10426514968276024 seconds
MKM Run 1067 Finished in 0.09321096539497375 seconds
MKM Run 1068 Finished in 0.08431252464652061 seconds
MKM Run 1069 Finished in 0.08775711804628372 seconds
MKM Run 1070 Finished in 0.09110425785183907 seconds
MKM Run 1071 Finished in 0.09120576828718185 seconds
MKM Run 1072 Finished in 0.08186975866556168 seconds
MKM Run 1073 Finished in 0.09559648111462593 seconds
MKM Run 1074 Finished in 0.09274736791849136 seconds
MKM Run 1075 Finished in 0.0929250605404377 seconds
MKM Run 1076 Finished in 0.08387140184640884 seconds
MKM Run 1077 Finished in 0.08936469256877899 seconds
MKM Run 1078 Finished in 0.09010958671569824 seconds
MKM Run 1079 Finished in 0.09509614109992981 seconds
i 17 species NH2(S) f(x+h) 1.7546370683360855 f(x-h) 1.7576197981341928 doln(f) -0.0016984694619746055 doln(p) 0.20067069546215122 LSA(i) -0.008463963599981424
MKM Run 1080 Finished in 0.08842882513999939 seconds
MKM Run 1081 Finished in 0.0994032509624958 seconds
MKM Run 1082 Finished in 0.08844804391264915 seconds
MKM Run 1083 Finished in 0.08476132899522781 seconds
MKM Run 1084 Finished in 0.08619670569896698 seconds
MKM Run 1085 Finished in 0.08131381496787071 seconds
MKM Run 1086 Finished in 0.07903360947966576 seconds
MKM Run 1087 Finished in 0.0863449014723301 seconds
MKM Run 1088 Finished in 0.08268209546804428 seconds
MKM Run 1089 Finished in 0.08348346129059792 seconds
MKM Run 1090 Finished in 0.08927689492702484 seconds
MKM Run 1091 Finished in 0.08734092488884926 seconds
MKM Run 1092 Finished in 0.09627756476402283 seconds
MKM Run 1093 Finished in 0.10116694867610931 seconds
MKM Run 1094 Finished in 0.08514168485999107 seconds
MKM Run 1095 Finished in 0.08691024035215378 seconds
MKM Run 1096 Finished in 0.10846560448408127 seconds
MKM Run 1097 Finished in 0.09813062474131584 seconds
MKM Run 1098 Finished in 0.08652652055025101 seconds
MKM Run 1099 Finished in 0.08633045479655266 seconds
MKM Run 1100 Finished in 0.09737572073936462 seconds
MKM Run 1101 Finished in 0.0898921936750412 seconds
MKM Run 1102 Finished in 0.08677537366747856 seconds
MKM Run 1103 Finished in 0.0998590774834156 seconds
MKM Run 1104 Finished in 0.08864307403564453 seconds
MKM Run 1105 Finished in 0.09291591867804527 seconds
MKM Run 1106 Finished in 0.09067387133836746 seconds
MKM Run 1107 Finished in 0.09010114520788193 seconds
MKM Run 1108 Finished in 0.08798805996775627 seconds
MKM Run 1109 Finished in 0.09199173003435135 seconds
MKM Run 1110 Finished in 0.08666994050145149 seconds
MKM Run 1111 Finished in 0.09707154333591461 seconds
MKM Run 1112 Finished in 0.0870443768799305 seconds
MKM Run 1113 Finished in 0.08208782225847244 seconds
MKM Run 1114 Finished in 0.08546819910407066 seconds
MKM Run 1115 Finished in 0.08001796528697014 seconds
MKM Run 1116 Finished in 0.07782827317714691 seconds
MKM Run 1117 Finished in 0.08886434137821198 seconds
MKM Run 1118 Finished in 0.08652501553297043 seconds
MKM Run 1119 Finished in 0.0811099037528038 seconds
MKM Run 1120 Finished in 0.08815491944551468 seconds
MKM Run 1121 Finished in 0.0861440971493721 seconds
MKM Run 1122 Finished in 0.0944238118827343 seconds
MKM Run 1123 Finished in 0.10364014282822609 seconds
MKM Run 1124 Finished in 0.08438624441623688 seconds
MKM Run 1125 Finished in 0.08805837109684944 seconds
MKM Run 1126 Finished in 0.10607123002409935 seconds
MKM Run 1127 Finished in 0.093679029494524 seconds
MKM Run 1128 Finished in 0.08029234036803246 seconds
MKM Run 1129 Finished in 0.08053955435752869 seconds
MKM Run 1130 Finished in 0.09017303958535194 seconds
MKM Run 1131 Finished in 0.08863161131739616 seconds
MKM Run 1132 Finished in 0.08408486098051071 seconds
MKM Run 1133 Finished in 0.10216682776808739 seconds
MKM Run 1134 Finished in 0.09009766578674316 seconds
MKM Run 1135 Finished in 0.09181192517280579 seconds
MKM Run 1136 Finished in 0.09084702655673027 seconds
MKM Run 1137 Finished in 0.09277760237455368 seconds
MKM Run 1138 Finished in 0.09155429899692535 seconds
MKM Run 1139 Finished in 0.0913996770977974 seconds
i 18 species NH(S) f(x+h) 1.7574372730451588 f(x-h) 1.75733865056055 doln(f) 5.611878923628133e-05 doln(p) 0.20067069546215122 LSA(i) 0.0002796561257090275
MKM Run 1140 Finished in 0.08695603162050247 seconds
MKM Run 1141 Finished in 0.09933582693338394 seconds
MKM Run 1142 Finished in 0.09271298348903656 seconds
MKM Run 1143 Finished in 0.08653346076607704 seconds
MKM Run 1144 Finished in 0.08509542793035507 seconds
MKM Run 1145 Finished in 0.0820147804915905 seconds
MKM Run 1146 Finished in 0.07626061141490936 seconds
MKM Run 1147 Finished in 0.08955173566937447 seconds
MKM Run 1148 Finished in 0.078500647097826 seconds
MKM Run 1149 Finished in 0.07964719459414482 seconds
MKM Run 1150 Finished in 0.08352994918823242 seconds
MKM Run 1151 Finished in 0.08543003350496292 seconds
MKM Run 1152 Finished in 0.09266222640872002 seconds
MKM Run 1153 Finished in 0.09407341107726097 seconds
MKM Run 1154 Finished in 0.08660648763179779 seconds
MKM Run 1155 Finished in 0.08857260644435883 seconds
MKM Run 1156 Finished in 0.10602743551135063 seconds
MKM Run 1157 Finished in 0.09213973954319954 seconds
MKM Run 1158 Finished in 0.08260286599397659 seconds
MKM Run 1159 Finished in 0.0857948437333107 seconds
MKM Run 1160 Finished in 0.09162817522883415 seconds
MKM Run 1161 Finished in 0.08591172844171524 seconds
MKM Run 1162 Finished in 0.0870223119854927 seconds
MKM Run 1163 Finished in 0.10129546001553535 seconds
MKM Run 1164 Finished in 0.09109082445502281 seconds
MKM Run 1165 Finished in 0.09369536861777306 seconds
MKM Run 1166 Finished in 0.08965454250574112 seconds
MKM Run 1167 Finished in 0.09175602346658707 seconds
MKM Run 1168 Finished in 0.0888829156756401 seconds
MKM Run 1169 Finished in 0.09144999086856842 seconds
MKM Run 1170 Finished in 0.08831172063946724 seconds
MKM Run 1171 Finished in 0.09773622825741768 seconds
MKM Run 1172 Finished in 0.09325365722179413 seconds
MKM Run 1173 Finished in 0.0870552510023117 seconds
MKM Run 1174 Finished in 0.08963549509644508 seconds
MKM Run 1175 Finished in 0.08086267113685608 seconds
MKM Run 1176 Finished in 0.0804823748767376 seconds
MKM Run 1177 Finished in 0.08876126632094383 seconds
MKM Run 1178 Finished in 0.08433600142598152 seconds
MKM Run 1179 Finished in 0.08082136139273643 seconds
MKM Run 1180 Finished in 0.08155117183923721 seconds
MKM Run 1181 Finished in 0.08609947934746742 seconds
MKM Run 1182 Finished in 0.09305593743920326 seconds
MKM Run 1183 Finished in 0.0955229327082634 seconds
MKM Run 1184 Finished in 0.08094123750925064 seconds
MKM Run 1185 Finished in 0.08329958468675613 seconds
MKM Run 1186 Finished in 0.10168677568435669 seconds
MKM Run 1187 Finished in 0.08891988545656204 seconds
MKM Run 1188 Finished in 0.08128856495022774 seconds
MKM Run 1189 Finished in 0.08436567336320877 seconds
MKM Run 1190 Finished in 0.09455066546797752 seconds
MKM Run 1191 Finished in 0.09049922600388527 seconds
MKM Run 1192 Finished in 0.08789808675646782 seconds
MKM Run 1193 Finished in 0.1009991392493248 seconds
MKM Run 1194 Finished in 0.08984100446105003 seconds
MKM Run 1195 Finished in 0.09058447182178497 seconds
MKM Run 1196 Finished in 0.08516989275813103 seconds
MKM Run 1197 Finished in 0.08800146356225014 seconds
MKM Run 1198 Finished in 0.08603622391819954 seconds
MKM Run 1199 Finished in 0.09213500842452049 seconds
i 19 species TS1_NH3(S) f(x+h) 1.7573467981495356 f(x-h) 1.7573467981495356 doln(f) 0.0 doln(p) 0.20067069546215122 LSA(i) 0.0
MKM Run 1200 Finished in 0.08993323892354965 seconds
MKM Run 1201 Finished in 0.10091539099812508 seconds
MKM Run 1202 Finished in 0.09652367979288101 seconds
MKM Run 1203 Finished in 0.08880234882235527 seconds
MKM Run 1204 Finished in 0.09035315364599228 seconds
MKM Run 1205 Finished in 0.0851910263299942 seconds
MKM Run 1206 Finished in 0.08286388590931892 seconds
MKM Run 1207 Finished in 0.08890700712800026 seconds
MKM Run 1208 Finished in 0.0866742879152298 seconds
MKM Run 1209 Finished in 0.08492632955312729 seconds
MKM Run 1210 Finished in 0.08657361194491386 seconds
MKM Run 1211 Finished in 0.08942141383886337 seconds
MKM Run 1212 Finished in 0.09215691685676575 seconds
MKM Run 1213 Finished in 0.09680269658565521 seconds
MKM Run 1214 Finished in 0.0837353840470314 seconds
MKM Run 1215 Finished in 0.08600357547402382 seconds
MKM Run 1216 Finished in 0.10097992047667503 seconds
MKM Run 1217 Finished in 0.09088779240846634 seconds
MKM Run 1218 Finished in 0.0810459814965725 seconds
MKM Run 1219 Finished in 0.08497009798884392 seconds
MKM Run 1220 Finished in 0.09158684685826302 seconds
MKM Run 1221 Finished in 0.08804664388298988 seconds
MKM Run 1222 Finished in 0.08357474207878113 seconds
MKM Run 1223 Finished in 0.09339648485183716 seconds
MKM Run 1224 Finished in 0.08729492127895355 seconds
MKM Run 1225 Finished in 0.08971293643116951 seconds
MKM Run 1226 Finished in 0.08508577570319176 seconds
MKM Run 1227 Finished in 0.08910368382930756 seconds
MKM Run 1228 Finished in 0.08404181897640228 seconds
MKM Run 1229 Finished in 0.0919916033744812 seconds
MKM Run 1230 Finished in 0.08725772425532341 seconds
MKM Run 1231 Finished in 0.1003953143954277 seconds
MKM Run 1232 Finished in 0.09515252709388733 seconds
MKM Run 1233 Finished in 0.0882795862853527 seconds
MKM Run 1234 Finished in 0.08943107351660728 seconds
MKM Run 1235 Finished in 0.08421925827860832 seconds
MKM Run 1236 Finished in 0.08275429904460907 seconds
MKM Run 1237 Finished in 0.08979754894971848 seconds
MKM Run 1238 Finished in 0.08514921739697456 seconds
MKM Run 1239 Finished in 0.08367447927594185 seconds
MKM Run 1240 Finished in 0.08525591343641281 seconds
MKM Run 1241 Finished in 0.08791080862283707 seconds
MKM Run 1242 Finished in 0.0907442606985569 seconds
MKM Run 1243 Finished in 0.09923416376113892 seconds
MKM Run 1244 Finished in 0.082590751349926 seconds
MKM Run 1245 Finished in 0.08699650689959526 seconds
MKM Run 1246 Finished in 0.10589630901813507 seconds
MKM Run 1247 Finished in 0.09366805106401443 seconds
MKM Run 1248 Finished in 0.08584869652986526 seconds
MKM Run 1249 Finished in 0.08741376549005508 seconds
MKM Run 1250 Finished in 0.09394488856196404 seconds
MKM Run 1251 Finished in 0.08870010450482368 seconds
MKM Run 1252 Finished in 0.08601434901356697 seconds
MKM Run 1253 Finished in 0.09480056911706924 seconds
MKM Run 1254 Finished in 0.08589483052492142 seconds
MKM Run 1255 Finished in 0.08929620310664177 seconds
MKM Run 1256 Finished in 0.08532841876149178 seconds
MKM Run 1257 Finished in 0.08953487128019333 seconds
MKM Run 1258 Finished in 0.08252179995179176 seconds
MKM Run 1259 Finished in 0.09027385711669922 seconds
i 20 species TS2_NH2(S) f(x+h) 1.7573467981495356 f(x-h) 1.7573467981495356 doln(f) 0.0 doln(p) 0.20067069546215122 LSA(i) 0.0
MKM Run 1260 Finished in 0.08540882915258408 seconds
MKM Run 1261 Finished in 0.09651750698685646 seconds
MKM Run 1262 Finished in 0.09394122287631035 seconds
MKM Run 1263 Finished in 0.08865737169981003 seconds
MKM Run 1264 Finished in 0.08765121549367905 seconds
MKM Run 1265 Finished in 0.0863855592906475 seconds
MKM Run 1266 Finished in 0.08286327496170998 seconds
MKM Run 1267 Finished in 0.08871592208743095 seconds
MKM Run 1268 Finished in 0.08748185634613037 seconds
MKM Run 1269 Finished in 0.08349163457751274 seconds
MKM Run 1270 Finished in 0.08944521099328995 seconds
MKM Run 1271 Finished in 0.08652825281023979 seconds
MKM Run 1272 Finished in 0.09594886004924774 seconds
MKM Run 1273 Finished in 0.09578542783856392 seconds
MKM Run 1274 Finished in 0.08395491912961006 seconds
MKM Run 1275 Finished in 0.09239867702126503 seconds
MKM Run 1276 Finished in 0.10459071025252342 seconds
MKM Run 1277 Finished in 0.09402972087264061 seconds
MKM Run 1278 Finished in 0.08473450690507889 seconds
MKM Run 1279 Finished in 0.08451321348547935 seconds
MKM Run 1280 Finished in 0.09550289437174797 seconds
MKM Run 1281 Finished in 0.09024322405457497 seconds
MKM Run 1282 Finished in 0.08774463832378387 seconds
MKM Run 1283 Finished in 0.09964880347251892 seconds
MKM Run 1284 Finished in 0.0899832658469677 seconds
MKM Run 1285 Finished in 0.09429057314991951 seconds
MKM Run 1286 Finished in 0.08809291571378708 seconds
MKM Run 1287 Finished in 0.09084612876176834 seconds
MKM Run 1288 Finished in 0.08532936498522758 seconds
MKM Run 1289 Finished in 0.08726051449775696 seconds
MKM Run 1290 Finished in 0.08660951256752014 seconds
MKM Run 1291 Finished in 0.10078488290309906 seconds
MKM Run 1292 Finished in 0.093468576669693 seconds
MKM Run 1293 Finished in 0.08413182571530342 seconds
MKM Run 1294 Finished in 0.09040624648332596 seconds
MKM Run 1295 Finished in 0.08341595157980919 seconds
MKM Run 1296 Finished in 0.08483190089464188 seconds
MKM Run 1297 Finished in 0.09156463667750359 seconds
MKM Run 1298 Finished in 0.08746413886547089 seconds
MKM Run 1299 Finished in 0.08554131165146828 seconds
MKM Run 1300 Finished in 0.0891367681324482 seconds
MKM Run 1301 Finished in 0.08943961188197136 seconds
MKM Run 1302 Finished in 0.0928102657198906 seconds
MKM Run 1303 Finished in 0.09628934785723686 seconds
MKM Run 1304 Finished in 0.08488019183278084 seconds
MKM Run 1305 Finished in 0.08918994665145874 seconds
MKM Run 1306 Finished in 0.10650321841239929 seconds
MKM Run 1307 Finished in 0.09529422968626022 seconds
MKM Run 1308 Finished in 0.08305796980857849 seconds
MKM Run 1309 Finished in 0.09046254307031631 seconds
MKM Run 1310 Finished in 0.09270240366458893 seconds
MKM Run 1311 Finished in 0.09171485900878906 seconds
MKM Run 1312 Finished in 0.08831363543868065 seconds
MKM Run 1313 Finished in 0.09944973513484001 seconds
MKM Run 1314 Finished in 0.08801477029919624 seconds
MKM Run 1315 Finished in 0.09265970066189766 seconds
MKM Run 1316 Finished in 0.08400599285960197 seconds
MKM Run 1317 Finished in 0.08878044039011002 seconds
MKM Run 1318 Finished in 0.0873110219836235 seconds
MKM Run 1319 Finished in 0.09206682071089745 seconds
i 21 species TS3_NH(S) f(x+h) 1.7573467981495356 f(x-h) 1.7573467981495356 doln(f) 0.0 doln(p) 0.20067069546215122 LSA(i) 0.0
MKM Run 1320 Finished in 0.0888158306479454 seconds
MKM Run 1321 Finished in 0.09824450314044952 seconds
MKM Run 1322 Finished in 0.09438082575798035 seconds
MKM Run 1323 Finished in 0.08521261811256409 seconds
MKM Run 1324 Finished in 0.08902056515216827 seconds
MKM Run 1325 Finished in 0.08287855982780457 seconds
MKM Run 1326 Finished in 0.08054010570049286 seconds
MKM Run 1327 Finished in 0.09274857491254807 seconds
MKM Run 1328 Finished in 0.09175268560647964 seconds
MKM Run 1329 Finished in 0.08500664308667183 seconds
MKM Run 1330 Finished in 0.09070779383182526 seconds
MKM Run 1331 Finished in 0.08959085121750832 seconds
MKM Run 1332 Finished in 0.09524266421794891 seconds
MKM Run 1333 Finished in 0.10231122002005577 seconds
MKM Run 1334 Finished in 0.0889776460826397 seconds
MKM Run 1335 Finished in 0.09323928132653236 seconds
MKM Run 1336 Finished in 0.11045198515057564 seconds
MKM Run 1337 Finished in 0.09561076387763023 seconds
MKM Run 1338 Finished in 0.08683616295456886 seconds
MKM Run 1339 Finished in 0.09391568601131439 seconds
MKM Run 1340 Finished in 0.09658006206154823 seconds
MKM Run 1341 Finished in 0.09270916506648064 seconds
MKM Run 1342 Finished in 0.08586324378848076 seconds
MKM Run 1343 Finished in 0.10295730456709862 seconds
MKM Run 1344 Finished in 0.09265755116939545 seconds
MKM Run 1345 Finished in 0.09391631931066513 seconds
MKM Run 1346 Finished in 0.08658519759774208 seconds
MKM Run 1347 Finished in 0.09384902194142342 seconds
MKM Run 1348 Finished in 0.08903159946203232 seconds
MKM Run 1349 Finished in 0.09656907245516777 seconds
MKM Run 1350 Finished in 0.08337840810418129 seconds
MKM Run 1351 Finished in 0.09890656545758247 seconds
MKM Run 1352 Finished in 0.0908031240105629 seconds
MKM Run 1353 Finished in 0.08300860598683357 seconds
MKM Run 1354 Finished in 0.08777455985546112 seconds
MKM Run 1355 Finished in 0.07937045395374298 seconds
MKM Run 1356 Finished in 0.07751210033893585 seconds
MKM Run 1357 Finished in 0.08384398743510246 seconds
MKM Run 1358 Finished in 0.08226330950856209 seconds
MKM Run 1359 Finished in 0.08063231408596039 seconds
MKM Run 1360 Finished in 0.08445504680275917 seconds
MKM Run 1361 Finished in 0.0836685262620449 seconds
MKM Run 1362 Finished in 0.09875926375389099 seconds
MKM Run 1363 Finished in 0.10084504634141922 seconds
MKM Run 1364 Finished in 0.08721518516540527 seconds
MKM Run 1365 Finished in 0.08780117332935333 seconds
MKM Run 1366 Finished in 0.10169002413749695 seconds
MKM Run 1367 Finished in 0.09230835363268852 seconds
MKM Run 1368 Finished in 0.08205708488821983 seconds
MKM Run 1369 Finished in 0.08468115702271461 seconds
MKM Run 1370 Finished in 0.09569348767399788 seconds
MKM Run 1371 Finished in 0.09283755347132683 seconds
MKM Run 1372 Finished in 0.08820423111319542 seconds
MKM Run 1373 Finished in 0.10050655156373978 seconds
MKM Run 1374 Finished in 0.0896432176232338 seconds
MKM Run 1375 Finished in 0.09486880525946617 seconds
MKM Run 1376 Finished in 0.08784971386194229 seconds
MKM Run 1377 Finished in 0.09145959839224815 seconds
MKM Run 1378 Finished in 0.08820368722081184 seconds
MKM Run 1379 Finished in 0.09249427542090416 seconds
i 22 species TS4_N2(S) f(x+h) 1.7675343165287785 f(x-h) 1.7563216076626766 doln(f) 0.006363907577127126 doln(p) 0.20067069546215122 LSA(i) 0.0317131884277913
            1st order Grad
N2            1.122858e-04
NH3          -8.544769e-03
H2            2.586486e-02
N2(T)         0.000000e+00
N(T)          0.000000e+00
H(T)          0.000000e+00
NH3(T)        0.000000e+00
NH2(T)        0.000000e+00
NH(T)         0.000000e+00
TS1_NH3(T)    0.000000e+00
TS2_NH2(T)    0.000000e+00
TS3_NH(T)     0.000000e+00
TS4_N2(T)     0.000000e+00
N2(S)         1.337070e-08
N(S)         -4.718639e-02
H(S)         -9.471116e-03
NH3(S)        4.701917e-06
NH2(S)       -8.463964e-03
NH(S)         2.796561e-04
TS1_NH3(S)    0.000000e+00
TS2_NH2(S)    0.000000e+00
TS3_NH(S)     0.000000e+00
TS4_N2(S)     3.171319e-02
Finished running the parameter estimation in 178.5605 seconds
